{
  "stats": {
    "suites": 1,
    "tests": 1,
    "passes": 1,
    "pending": 0,
    "failures": 0,
    "start": "2024-06-08T10:37:46.673Z",
    "end": "2024-06-08T10:37:53.142Z",
    "duration": 6469,
    "testsRegistered": 1,
    "passPercent": 100,
    "pendingPercent": 0,
    "other": 0,
    "hasOther": false,
    "skipped": 0,
    "hasSkipped": false
  },
  "results": [
    {
      "uuid": "8d43aa16-42e3-4cd7-9b8a-0e8d18f0f095",
      "title": "",
      "fullFile": "cypress\\e2e\\spec.cy.js",
      "file": "cypress\\e2e\\spec.cy.js",
      "beforeHooks": [],
      "afterHooks": [],
      "tests": [],
      "suites": [
        {
          "uuid": "2835f1c1-7da7-454b-a97d-73fc50af6aef",
          "title": "template spec",
          "fullFile": "",
          "file": "",
          "beforeHooks": [],
          "afterHooks": [],
          "tests": [
            {
              "title": "passes",
              "fullTitle": "template spec passes",
              "timedOut": null,
              "duration": 4488,
              "state": "passed",
              "speed": "fast",
              "pass": true,
              "fail": false,
              "pending": false,
              "context": null,
              "code": "cy.visit('https://www.automationexercise.com');",
              "err": {},
              "uuid": "1547af11-05d8-417c-a08a-b60672b6c9b8",
              "parentUUID": "2835f1c1-7da7-454b-a97d-73fc50af6aef",
              "isHook": false,
              "skipped": false
            }
          ],
          "suites": [],
          "passes": [
            "1547af11-05d8-417c-a08a-b60672b6c9b8"
          ],
          "failures": [],
          "pending": [],
          "skipped": [],
          "duration": 4488,
          "root": false,
          "rootEmpty": false,
          "_timeout": 2000
        }
      ],
      "passes": [],
      "failures": [],
      "pending": [],
      "skipped": [],
      "duration": 0,
      "root": true,
      "rootEmpty": true,
      "_timeout": 2000
    }
  ],
  "meta": {
    "mocha": {
      "version": "7.0.1"
    },
    "mochawesome": {
      "options": {
        "quiet": false,
        "reportFilename": "mochawesome",
        "saveHtml": false,
        "saveJson": true,
        "consoleReporter": "spec",
        "useInlineDiffs": false,
        "code": true
      },
      "version": "7.1.3"
    },
    "marge": {
      "options": {
        "charts": true,
        "overwrite": false,
        "html": false,
        "json": true,
        "reportDir": "cypress/reports",
        "chromeWebSecurity": false
      },
      "version": "6.2.0"
    }
  }
}