{
  "stats": {
    "suites": 1,
    "tests": 6,
    "passes": 6,
    "pending": 0,
    "failures": 0,
    "start": "2024-06-08T10:36:58.336Z",
    "end": "2024-06-08T10:37:44.828Z",
    "duration": 46492,
    "testsRegistered": 6,
    "passPercent": 100,
    "pendingPercent": 0,
    "other": 0,
    "hasOther": false,
    "skipped": 0,
    "hasSkipped": false
  },
  "results": [
    {
      "uuid": "ff597a64-2beb-4c75-9b16-03e27e4149fe",
      "title": "",
      "fullFile": "cypress\\e2e\\placeorder.cy.js",
      "file": "cypress\\e2e\\placeorder.cy.js",
      "beforeHooks": [],
      "afterHooks": [],
      "tests": [],
      "suites": [
        {
          "uuid": "7d8874ea-3df7-4feb-a334-2abcf040eb42",
          "title": "Place and Confirm Order",
          "fullFile": "",
          "file": "",
          "beforeHooks": [],
          "afterHooks": [],
          "tests": [
            {
              "title": "Launch Website",
              "fullTitle": "Place and Confirm Order Launch Website",
              "timedOut": null,
              "duration": 4504,
              "state": "passed",
              "speed": "fast",
              "pass": true,
              "fail": false,
              "pending": false,
              "context": null,
              "code": "//1. The user visits the address\nloginPage.baseUrl();",
              "err": {},
              "uuid": "9cd21124-051e-4cd4-adcb-68923afd9afe",
              "parentUUID": "7d8874ea-3df7-4feb-a334-2abcf040eb42",
              "isHook": false,
              "skipped": false
            },
            {
              "title": "Sign In",
              "fullTitle": "Place and Confirm Order Sign In",
              "timedOut": null,
              "duration": 7188,
              "state": "passed",
              "speed": "medium",
              "pass": true,
              "fail": false,
              "pending": false,
              "context": null,
              "code": "//2. click on signin/login button\nloginPage.signLoginButton();\n//enter credentials\n//enter username\nloginPage.enterUsername(loginPage.userName);\n//enter password\nloginPage.enterPassword(loginPage.passWord);\n//click on the login button to login\nloginPage.loginButton();",
              "err": {},
              "uuid": "b7d5e914-b5d5-4cb1-9422-b35722e12c4a",
              "parentUUID": "7d8874ea-3df7-4feb-a334-2abcf040eb42",
              "isHook": false,
              "skipped": false
            },
            {
              "title": "Get Label and Associated Price",
              "fullTitle": "Place and Confirm Order Get Label and Associated Price",
              "timedOut": null,
              "duration": 171,
              "state": "passed",
              "speed": "fast",
              "pass": true,
              "fail": false,
              "pending": false,
              "context": null,
              "code": "//3. On landing page, under FEATURED ITEMS we see a list of apparels.\n//Get the label and associated price of those item.\nconst labels = '.product-image-wrapper > .single-products > .productinfo > p';\ncy.get(labels).should('be.visible');\nconst prices = '.product-image-wrapper > .single-products > .productinfo > h2';\ncy.get(prices).should('be.visible');\n//Fetch them and sort it as per their price [Low to High] and print it on Console [Label & Price]\ncy.get('.features_items').each($el => {\n  $el.find(labels).text();\n  $el.find(prices).text();\n  cy.log(`Label: ${labels}, Price: ${prices}`);\n});",
              "err": {},
              "uuid": "718846d3-c16b-473c-99e5-62ac420ee717",
              "parentUUID": "7d8874ea-3df7-4feb-a334-2abcf040eb42",
              "isHook": false,
              "skipped": false
            },
            {
              "title": "Select Item and Add to Cart",
              "fullTitle": "Place and Confirm Order Select Item and Add to Cart",
              "timedOut": null,
              "duration": 18543,
              "state": "passed",
              "speed": "slow",
              "pass": true,
              "fail": false,
              "pending": false,
              "context": null,
              "code": "//4a. click on dress under Women\ncy.get(':nth-child(1) > .panel-heading > .panel-title').click({\n  force: true\n});\ncy.wait(3000);\n//b. click on Women Top products\ncy.get('#Women > .panel-body > ul > :nth-child(2)').click({\n  force: true\n});\ncy.wait(3000);\n//c. Select the fancy green top and add to cart\ncy.get(':nth-child(10) > .product-image-wrapper > .single-products > .productinfo > .btn').click({\n  force: true\n});\ncy.wait(3000);\n//Confirm the 1st product has been added to cart({ force: true })\nloginPage.confirmCart();\n//click on continue shopping to add product 2\nloginPage.continueButton();\ncy.wait(3000);\n//d. Select Summer White Top and add to cart as well.\ncy.get(':nth-child(8) > .product-image-wrapper > .single-products > .productinfo > .btn').click({\n  force: true\n});\ncy.wait(3000);\n//Confirm the 1st product has been added to cart({ force: true })\nloginPage.confirmCart();\n//click on continue shopping to add product 2\nloginPage.continueButton();\ncy.wait(3000);",
              "err": {},
              "uuid": "311417fc-214b-4ddf-94c4-e619fdd4ab47",
              "parentUUID": "7d8874ea-3df7-4feb-a334-2abcf040eb42",
              "isHook": false,
              "skipped": false
            },
            {
              "title": "View Cart",
              "fullTitle": "Place and Confirm Order View Cart",
              "timedOut": null,
              "duration": 12738,
              "state": "passed",
              "speed": "slow",
              "pass": true,
              "fail": false,
              "pending": false,
              "context": null,
              "code": "//5.a Click View Cart button in the pop-up to proceed to checkout\ncy.get('u').click({\n  force: true\n});\n//confirm that click on View Cart redirects the user to the cart page\ncy.url().should('eq', 'https://www.automationexercise.com/view_cart');\n//5b. Proceed to checkout\ncy.get('.col-sm-6 > .btn').click({\n  force: true\n});\n//confirm user is directed to checkout page\ncy.url().should('eq', 'https://www.automationexercise.com/checkout');\n//5c. Add the comment ”Order placed.”\ncy.get('.form-control').type('Order placed');\n//5d. click on place order\ncy.get(':nth-child(7) > .btn').click({\n  force: true\n});\n//5e. enter card details\n//enter card name\nloginPage.enterCardName(loginPage.cardName);\n//enter card number\nloginPage.enterCardNo(loginPage.cardNumber);\n//enter card cvv\nloginPage.enterCvv(loginPage.cvvNo);\n//enter expiration month\ncy.get('[data-qa=\"expiry-month\"]').type('01');\n//enter expiration year\ncy.get('[data-qa=\"expiry-year\"]').type('1990');\n//5f.click on pay and confirm order\ncy.get('[data-qa=\"pay-button\"]').click({\n  force: true\n});",
              "err": {},
              "uuid": "965d4334-a1c4-423a-a17d-80d6f1ca0e7a",
              "parentUUID": "7d8874ea-3df7-4feb-a334-2abcf040eb42",
              "isHook": false,
              "skipped": false
            },
            {
              "title": "Confirm Placed Order",
              "fullTitle": "Place and Confirm Order Confirm Placed Order",
              "timedOut": null,
              "duration": 28,
              "state": "passed",
              "speed": "fast",
              "pass": true,
              "fail": false,
              "pending": false,
              "context": null,
              "code": "//6.a Confirm Order has been placed\n// cy.get('.col-sm-9 > p').should('Congratulations! Your order has been confirmed!')\ncy.contains('Congratulations! Your order has been confirmed!');\ncy.get('.col-sm-9 > p').each($el => {\n  // Extract the text content of the element\n  const text = $el.text();\n  // Print the text content to the console\n  console.log(text);\n});",
              "err": {},
              "uuid": "82db16fb-2c8b-45c2-95c9-0c3d403c3d09",
              "parentUUID": "7d8874ea-3df7-4feb-a334-2abcf040eb42",
              "isHook": false,
              "skipped": false
            }
          ],
          "suites": [],
          "passes": [
            "9cd21124-051e-4cd4-adcb-68923afd9afe",
            "b7d5e914-b5d5-4cb1-9422-b35722e12c4a",
            "718846d3-c16b-473c-99e5-62ac420ee717",
            "311417fc-214b-4ddf-94c4-e619fdd4ab47",
            "965d4334-a1c4-423a-a17d-80d6f1ca0e7a",
            "82db16fb-2c8b-45c2-95c9-0c3d403c3d09"
          ],
          "failures": [],
          "pending": [],
          "skipped": [],
          "duration": 43172,
          "root": false,
          "rootEmpty": false,
          "_timeout": 2000
        }
      ],
      "passes": [],
      "failures": [],
      "pending": [],
      "skipped": [],
      "duration": 0,
      "root": true,
      "rootEmpty": true,
      "_timeout": 2000
    }
  ],
  "meta": {
    "mocha": {
      "version": "7.0.1"
    },
    "mochawesome": {
      "options": {
        "quiet": false,
        "reportFilename": "mochawesome",
        "saveHtml": false,
        "saveJson": true,
        "consoleReporter": "spec",
        "useInlineDiffs": false,
        "code": true
      },
      "version": "7.1.3"
    },
    "marge": {
      "options": {
        "charts": true,
        "overwrite": false,
        "html": false,
        "json": true,
        "reportDir": "cypress/reports",
        "chromeWebSecurity": false
      },
      "version": "6.2.0"
    }
  }
}